# JRE version: OpenJDK Runtime Environment JBR-17.0.14+1-1367.22-nomod (17.0.14+1) (build 17.0.14+1-b1367.22)
# Java VM: OpenJDK 64-Bit Server VM JBR-17.0.14+1-1367.22-nomod (17.0.14+1-b1367.22, mixed mode, sharing, tiered, compressed oops, compressed class ptrs, g1 gc, windows-amd64)
GC Precious Log:
 CPUs: 4 total, 4 available
 Memory: 8082M
 Large Page Support: Disabled
 NUMA Support: Disabled
 Compressed Oops: Enabled (32-bit)
 Heap Region Size: 1M
 Heap Min Capacity: 8M
 Heap Initial Capacity: 128M
 Heap Max Capacity: 2G
 Pre-touch: Disabled
 Parallel Workers: 4
 Concurrent Workers: 1
 Concurrent Refinement Workers: 4
 Periodic GC: Disabled
Heap:
 garbage-first heap   total 314368K, used 262674K [0x0000000080000000, 0x0000000100000000)
  region size 1024K, 75 young (76800K), 2 survivors (2048K)
 Metaspace       used 126109K, committed 127232K, reserved 1179648K
  class space    used 17452K, committed 17984K, reserved 1048576K
GC Heap History (20 events):
Event: 30.292 GC heap before
{Heap before GC invocations=58 (full 0):
 garbage-first heap   total 273408K, used 213760K [0x0000000080000000, 0x0000000100000000)
  region size 1024K, 60 young (61440K), 9 survivors (9216K)
 Metaspace       used 98282K, committed 99072K, reserved 1179648K
  class space    used 13972K, committed 14336K, reserved 1048576K
}
Event: 30.313 GC heap after
{Heap after GC invocations=59 (full 0):
 garbage-first heap   total 273408K, used 159687K [0x0000000080000000, 0x0000000100000000)
  region size 1024K, 4 young (4096K), 4 survivors (4096K)
 Metaspace       used 98282K, committed 99072K, reserved 1179648K
  class space    used 13972K, committed 14336K, reserved 1048576K
}
Event: 30.498 GC heap before
{Heap before GC invocations=59 (full 0):
 garbage-first heap   total 273408K, used 168903K [0x0000000080000000, 0x0000000100000000)
  region size 1024K, 13 young (13312K), 4 survivors (4096K)
 Metaspace       used 98793K, committed 99584K, reserved 1179648K
  class space    used 14042K, committed 14400K, reserved 1048576K
}
Event: 30.504 GC heap after
{Heap after GC invocations=60 (full 0):
 garbage-first heap   total 273408K, used 159302K [0x0000000080000000, 0x0000000100000000)
  region size 1024K, 1 young (1024K), 1 survivors (1024K)
 Metaspace       used 98793K, committed 99584K, reserved 1179648K
  class space    used 14042K, committed 14400K, reserved 1048576K
}
Event: 33.736 GC heap before
{Heap before GC invocations=60 (full 0):
 garbage-first heap   total 273408K, used 234054K [0x0000000080000000, 0x0000000100000000)
  region size 1024K, 73 young (74752K), 1 survivors (1024K)
 Metaspace       used 103433K, committed 104256K, reserved 1179648K
  class space    used 14673K, committed 15040K, reserved 1048576K
}
Event: 33.743 GC heap after
{Heap after GC invocations=61 (full 0):
 garbage-first heap   total 273408K, used 163108K [0x0000000080000000, 0x0000000100000000)
  region size 1024K, 4 young (4096K), 4 survivors (4096K)
 Metaspace       used 103433K, committed 104256K, reserved 1179648K
  class space    used 14673K, committed 15040K, reserved 1048576K
}
Event: 35.521 GC heap before
{Heap before GC invocations=61 (full 0):
 garbage-first heap   total 273408K, used 232740K [0x0000000080000000, 0x0000000100000000)
  region size 1024K, 73 young (74752K), 4 survivors (4096K)
 Metaspace       used 108175K, committed 108992K, reserved 1179648K
  class space    used 15270K, committed 15616K, reserved 1048576K
}
Event: 35.532 GC heap after
{Heap after GC invocations=62 (full 0):
 garbage-first heap   total 273408K, used 167494K [0x0000000080000000, 0x0000000100000000)
  region size 1024K, 8 young (8192K), 8 survivors (8192K)
 Metaspace       used 108175K, committed 108992K, reserved 1179648K
  class space    used 15270K, committed 15616K, reserved 1048576K
}
Event: 37.272 GC heap before
{Heap before GC invocations=62 (full 0):
 garbage-first heap   total 273408K, used 235078K [0x0000000080000000, 0x0000000100000000)
  region size 1024K, 73 young (74752K), 8 survivors (8192K)
 Metaspace       used 115577K, committed 116416K, reserved 1179648K
  class space    used 16208K, committed 16576K, reserved 1048576K
}
Event: 37.289 GC heap after
{Heap after GC invocations=63 (full 0):
 garbage-first heap   total 273408K, used 170532K [0x0000000080000000, 0x0000000100000000)
  region size 1024K, 8 young (8192K), 8 survivors (8192K)
 Metaspace       used 115577K, committed 116416K, reserved 1179648K
  class space    used 16208K, committed 16576K, reserved 1048576K
}
Event: 41.232 GC heap before
{Heap before GC invocations=63 (full 0):
 garbage-first heap   total 273408K, used 234020K [0x0000000080000000, 0x0000000100000000)
  region size 1024K, 70 young (71680K), 8 survivors (8192K)
 Metaspace       used 119160K, committed 120128K, reserved 1179648K
  class space    used 16582K, committed 17024K, reserved 1048576K
}
Event: 41.251 GC heap after
{Heap after GC invocations=64 (full 0):
 garbage-first heap   total 273408K, used 176557K [0x0000000080000000, 0x0000000100000000)
  region size 1024K, 9 young (9216K), 9 survivors (9216K)
 Metaspace       used 119160K, committed 120128K, reserved 1179648K
  class space    used 16582K, committed 17024K, reserved 1048576K
}
Event: 42.858 GC heap before
{Heap before GC invocations=64 (full 0):
 garbage-first heap   total 273408K, used 231853K [0x0000000080000000, 0x0000000100000000)
  region size 1024K, 64 young (65536K), 9 survivors (9216K)
 Metaspace       used 119220K, committed 120192K, reserved 1179648K
  class space    used 16586K, committed 17024K, reserved 1048576K
}
Event: 42.874 GC heap after
{Heap after GC invocations=65 (full 0):
 garbage-first heap   total 273408K, used 181073K [0x0000000080000000, 0x0000000100000000)
  region size 1024K, 5 young (5120K), 5 survivors (5120K)
 Metaspace       used 119220K, committed 120192K, reserved 1179648K
  class space    used 16586K, committed 17024K, reserved 1048576K
}
Event: 44.889 GC heap before
{Heap before GC invocations=65 (full 0):
 garbage-first heap   total 273408K, used 232273K [0x0000000080000000, 0x0000000100000000)
  region size 1024K, 55 young (56320K), 5 survivors (5120K)
 Metaspace       used 119736K, committed 120704K, reserved 1179648K
  class space    used 16648K, committed 17088K, reserved 1048576K
}
Event: 44.902 GC heap after
{Heap after GC invocations=66 (full 0):
 garbage-first heap   total 273408K, used 184983K [0x0000000080000000, 0x0000000100000000)
  region size 1024K, 5 young (5120K), 5 survivors (5120K)
 Metaspace       used 119736K, committed 120704K, reserved 1179648K
  class space    used 16648K, committed 17088K, reserved 1048576K
}
Event: 47.312 GC heap before
{Heap before GC invocations=67 (full 0):
 garbage-first heap   total 314368K, used 230039K [0x0000000080000000, 0x0000000100000000)
  region size 1024K, 49 young (50176K), 5 survivors (5120K)
 Metaspace       used 121788K, committed 122752K, reserved 1179648K
  class space    used 16904K, committed 17344K, reserved 1048576K
}
Event: 47.332 GC heap after
{Heap after GC invocations=68 (full 0):
 garbage-first heap   total 314368K, used 189829K [0x0000000080000000, 0x0000000100000000)
  region size 1024K, 5 young (5120K), 5 survivors (5120K)
 Metaspace       used 121788K, committed 122752K, reserved 1179648K
  class space    used 16904K, committed 17344K, reserved 1048576K
}
Event: 47.722 GC heap before
{Heap before GC invocations=68 (full 0):
 garbage-first heap   total 314368K, used 199045K [0x0000000080000000, 0x0000000100000000)
  region size 1024K, 15 young (15360K), 5 survivors (5120K)
 Metaspace       used 122635K, committed 123648K, reserved 1179648K
  class space    used 16988K, committed 17472K, reserved 1048576K
}
Event: 47.733 GC heap after
{Heap after GC invocations=69 (full 0):
 garbage-first heap   total 314368K, used 188946K [0x0000000080000000, 0x0000000100000000)
  region size 1024K, 2 young (2048K), 2 survivors (2048K)
 Metaspace       used 122635K, committed 123648K, reserved 1179648K
  class space    used 16988K, committed 17472K, reserved 1048576K
}

