# JRE version: OpenJDK Runtime Environment (24.0+36) (build 24+36-3646)
# Java VM: OpenJDK 64-Bit Server VM (24+36-3646, mixed mode, sharing, tiered, compressed oops, compressed class ptrs, g1 gc, windows-amd64)
GC Precious Log:
 CardTable entry size: 512
 Card Set container configuration: InlinePtr #cards 5 size 8 Array Of Cards #cards 10 size 36 Howl #buckets 4 coarsen threshold 1843 Howl Bitmap #cards 512 size 80 coarsen threshold 460 Card regions per heap region 1 cards per card region 2048
 CPUs: 4 total, 4 available
 Memory: 8082M
 Large Page Support: Disabled
 NUMA Support: Disabled
 Compressed Oops: Enabled (32-bit)
 Heap Region Size: 1M
 Heap Min Capacity: 8M
 Heap Initial Capacity: 128M
 Heap Max Capacity: 2G
 Pre-touch: Disabled
 Parallel Workers: 4
 Concurrent Workers: 1
 Concurrent Refinement Workers: 4
 Periodic GC: Disabled
Heap:
 garbage-first heap   total reserved 2097152K, committed 331776K, used 209890K [0x0000000080000000, 0x0000000100000000)
  region size 1024K, 66 young (67584K), 5 survivors (5120K)
 Metaspace       used 130228K, committed 132736K, reserved 1179648K
  class space    used 13891K, committed 15104K, reserved 1048576K
GC Heap History (20 events):
Event: 238.089 GC heap before
{Heap before GC invocations=33 (full 0):
 garbage-first heap   total reserved 2097152K, committed 194560K, used 127404K [0x0000000080000000, 0x0000000100000000)
  region size 1024K, 10 young (10240K), 8 survivors (8192K)
 Metaspace       used 120648K, committed 123008K, reserved 1179648K
  class space    used 13163K, committed 14272K, reserved 1048576K
}
Event: 238.093 GC heap after
{Heap after GC invocations=34 (full 0):
 garbage-first heap   total reserved 2097152K, committed 194560K, used 127953K [0x0000000080000000, 0x0000000100000000)
  region size 1024K, 1 young (1024K), 1 survivors (1024K)
 Metaspace       used 120648K, committed 123008K, reserved 1179648K
  class space    used 13163K, committed 14272K, reserved 1048576K
}
Event: 238.983 GC heap before
{Heap before GC invocations=35 (full 0):
 garbage-first heap   total reserved 2097152K, committed 215040K, used 197585K [0x0000000080000000, 0x0000000100000000)
  region size 1024K, 50 young (51200K), 1 survivors (1024K)
 Metaspace       used 123690K, committed 126080K, reserved 1179648K
  class space    used 13472K, committed 14592K, reserved 1048576K
}
Event: 238.992 GC heap after
{Heap after GC invocations=36 (full 0):
 garbage-first heap   total reserved 2097152K, committed 215040K, used 151840K [0x0000000080000000, 0x0000000100000000)
  region size 1024K, 7 young (7168K), 7 survivors (7168K)
 Metaspace       used 123690K, committed 126080K, reserved 1179648K
  class space    used 13472K, committed 14592K, reserved 1048576K
}
Event: 239.451 GC heap before
{Heap before GC invocations=36 (full 0):
 garbage-first heap   total reserved 2097152K, committed 215040K, used 195872K [0x0000000080000000, 0x0000000100000000)
  region size 1024K, 50 young (51200K), 7 survivors (7168K)
 Metaspace       used 125998K, committed 128512K, reserved 1179648K
  class space    used 13760K, committed 14976K, reserved 1048576K
}
Event: 239.463 GC heap after
{Heap after GC invocations=37 (full 0):
 garbage-first heap   total reserved 2097152K, committed 215040K, used 152355K [0x0000000080000000, 0x0000000100000000)
  region size 1024K, 2 young (2048K), 2 survivors (2048K)
 Metaspace       used 125998K, committed 128512K, reserved 1179648K
  class space    used 13760K, committed 14976K, reserved 1048576K
}
Event: 239.684 GC heap before
{Heap before GC invocations=37 (full 0):
 garbage-first heap   total reserved 2097152K, committed 215040K, used 170787K [0x0000000080000000, 0x0000000100000000)
  region size 1024K, 21 young (21504K), 2 survivors (2048K)
 Metaspace       used 126148K, committed 128640K, reserved 1179648K
  class space    used 13760K, committed 14976K, reserved 1048576K
}
Event: 239.693 GC heap after
{Heap after GC invocations=38 (full 0):
 garbage-first heap   total reserved 2097152K, committed 215040K, used 155648K [0x0000000080000000, 0x0000000100000000)
  region size 1024K, 6 young (6144K), 6 survivors (6144K)
 Metaspace       used 126148K, committed 128640K, reserved 1179648K
  class space    used 13760K, committed 14976K, reserved 1048576K
}
Event: 240.141 GC heap before
{Heap before GC invocations=39 (full 0):
 garbage-first heap   total reserved 2097152K, committed 263168K, used 194560K [0x0000000080000000, 0x0000000100000000)
  region size 1024K, 43 young (44032K), 6 survivors (6144K)
 Metaspace       used 126398K, committed 128896K, reserved 1179648K
  class space    used 13760K, committed 14976K, reserved 1048576K
}
Event: 240.157 GC heap after
{Heap after GC invocations=40 (full 0):
 garbage-first heap   total reserved 2097152K, committed 263168K, used 159375K [0x0000000080000000, 0x0000000100000000)
  region size 1024K, 4 young (4096K), 4 survivors (4096K)
 Metaspace       used 126398K, committed 128896K, reserved 1179648K
  class space    used 13760K, committed 14976K, reserved 1048576K
}
Event: 280.847 GC heap before
{Heap before GC invocations=40 (full 0):
 garbage-first heap   total reserved 2097152K, committed 263168K, used 235151K [0x0000000080000000, 0x0000000100000000)
  region size 1024K, 78 young (79872K), 4 survivors (4096K)
 Metaspace       used 127424K, committed 129920K, reserved 1179648K
  class space    used 13780K, committed 14976K, reserved 1048576K
}
Event: 280.864 GC heap after
{Heap after GC invocations=41 (full 0):
 garbage-first heap   total reserved 2097152K, committed 331776K, used 159069K [0x0000000080000000, 0x0000000100000000)
  region size 1024K, 9 young (9216K), 9 survivors (9216K)
 Metaspace       used 127424K, committed 129920K, reserved 1179648K
  class space    used 13780K, committed 14976K, reserved 1048576K
}
Event: 502.982 GC heap before
{Heap before GC invocations=41 (full 0):
 garbage-first heap   total reserved 2097152K, committed 331776K, used 265565K [0x0000000080000000, 0x0000000100000000)
  region size 1024K, 113 young (115712K), 9 survivors (9216K)
 Metaspace       used 127892K, committed 130432K, reserved 1179648K
  class space    used 13807K, committed 15040K, reserved 1048576K
}
Event: 502.996 GC heap after
{Heap after GC invocations=42 (full 0):
 garbage-first heap   total reserved 2097152K, committed 331776K, used 160947K [0x0000000080000000, 0x0000000100000000)
  region size 1024K, 7 young (7168K), 7 survivors (7168K)
 Metaspace       used 127892K, committed 130432K, reserved 1179648K
  class space    used 13807K, committed 15040K, reserved 1048576K
}
Event: 717.601 GC heap before
{Heap before GC invocations=43 (full 0):
 garbage-first heap   total reserved 2097152K, committed 331776K, used 270515K [0x0000000080000000, 0x0000000100000000)
  region size 1024K, 114 young (116736K), 7 survivors (7168K)
 Metaspace       used 128181K, committed 130688K, reserved 1179648K
  class space    used 13820K, committed 15040K, reserved 1048576K
}
Event: 717.618 GC heap after
{Heap after GC invocations=44 (full 0):
 garbage-first heap   total reserved 2097152K, committed 331776K, used 154089K [0x0000000080000000, 0x0000000100000000)
  region size 1024K, 12 young (12288K), 12 survivors (12288K)
 Metaspace       used 128181K, committed 130688K, reserved 1179648K
  class space    used 13820K, committed 15040K, reserved 1048576K
}
Event: 719.145 GC heap before
{Heap before GC invocations=44 (full 0):
 garbage-first heap   total reserved 2097152K, committed 331776K, used 274921K [0x0000000080000000, 0x0000000100000000)
  region size 1024K, 129 young (132096K), 12 survivors (12288K)
 Metaspace       used 129133K, committed 131712K, reserved 1179648K
  class space    used 13859K, committed 15104K, reserved 1048576K
}
Event: 719.169 GC heap after
{Heap after GC invocations=45 (full 0):
 garbage-first heap   total reserved 2097152K, committed 331776K, used 154765K [0x0000000080000000, 0x0000000100000000)
  region size 1024K, 11 young (11264K), 11 survivors (11264K)
 Metaspace       used 129133K, committed 131712K, reserved 1179648K
  class space    used 13859K, committed 15104K, reserved 1048576K
}
Event: 719.806 GC heap before
{Heap before GC invocations=45 (full 0):
 garbage-first heap   total reserved 2097152K, committed 331776K, used 191629K [0x0000000080000000, 0x0000000100000000)
  region size 1024K, 48 young (49152K), 11 survivors (11264K)
 Metaspace       used 129640K, committed 132160K, reserved 1179648K
  class space    used 13886K, committed 15104K, reserved 1048576K
}
Event: 719.815 GC heap after
{Heap after GC invocations=46 (full 0):
 garbage-first heap   total reserved 2097152K, committed 331776K, used 151522K [0x0000000080000000, 0x0000000100000000)
  region size 1024K, 5 young (5120K), 5 survivors (5120K)
 Metaspace       used 129640K, committed 132160K, reserved 1179648K
  class space    used 13886K, committed 15104K, reserved 1048576K
}

